<?xml version="1.0" encoding="UTF-8"?>
<!-- Generated by org.testng.reporters.JUnitReportReporter -->
<testsuite name="com.qtpselenium.testcases.CreatePortfolioTest" tests="2" time="67.097" ignored="0" failures="0" timestamp="04 Aug 2018 15:59:12 GMT" skipped="0" hostname="DESKTOP-NM05SVP" errors="0">
  <testcase name="createLead" time="30.637" classname="com.qtpselenium.testcases.CreatePortfolioTest"/>
  <testcase name="createLead" time="36.460" classname="com.qtpselenium.testcases.CreatePortfolioTest"/>
</testsuite> <!-- com.qtpselenium.testcases.CreatePortfolioTest -->
